<?xml version="1.0" encoding="UTF-8"?>
<testng-results ignored="0" total="1" passed="1" failed="0" skipped="0">
  <reporter-output>
  </reporter-output>
  <suite started-at="2023-08-19T15:16:30Z" name="Default suite" finished-at="2023-08-19T15:16:44Z" duration-ms="13161">
    <groups>
    </groups>
    <test started-at="2023-08-19T15:16:30Z" name="Default test" finished-at="2023-08-19T15:16:44Z" duration-ms="13161">
      <class name="Scripts.LaunchBrowser">
        <test-method signature="Sample()[pri:0, instance:Scripts.LaunchBrowser@60410cd]" started-at="2023-08-19T15:16:30Z" name="Sample" finished-at="2023-08-19T15:16:44Z" duration-ms="13146" status="PASS">
          <reporter-output>
          </reporter-output>
        </test-method> <!-- Sample -->
      </class> <!-- Scripts.LaunchBrowser -->
    </test> <!-- Default test -->
  </suite> <!-- Default suite -->
</testng-results>
